PLINK v1.9.0-b.7.7 64-bit (22 Oct 2024)
Options in effect:
  --bfile /Users/ngoc/All/GENIOMHE1/subjects/NGS/TP_DATA_PROG/II.a.Plink/output160125/lndMkMAFHWE
  --distance-matrix
  --out PCAdata

Hostname: Ngocs-MBP.lan
Working directory: /Users/ngoc/All/GENIOMHE1/subjects/NGS/TP_DATA_PROG/II.a.Plink/output160125
Start time: Wed Jan 22 15:26:41 2025

Random number seed: 1737556001
16384 MB RAM detected; reserving 8192 MB for main workspace.
49462 variants loaded from .bim file.
89 people (89 males, 0 females) loaded from .fam.
89 phenotype values loaded from .fam.
Using up to 8 threads (change this with --threads).
Before main variant filters, 89 founders and 0 nonfounders present.
Calculating allele frequencies... done.
Total genotyping rate is 0.996817.
49462 variants and 89 people pass filters and QC.
Among remaining phenotypes, 44 are cases and 45 are controls.
Distance matrix calculation complete.
Distances (proportions) written to PCAdata.mdist , and IDs to PCAdata.mdist.id
.

End time: Wed Jan 22 15:26:41 2025
