PLINK v1.90b5 32-bit (14 Nov 2017)
Options in effect:
  --file hapmap
  --make-bed
  --mind 0.05
  --out Ind

Hostname: SKYNET
Working directory: C:\Users\denis\OneDrive\Desktop\Uni\NGS\Project\TP_DATA_PROG\TP_DATA_PROG\II.a.Plink
Start time: Thu Jan 16 13:35:13 2025

Random number seed: 1737030913
16295 MB RAM detected; reserving 2047 MB for main workspace.
Allocated 1535 MB successfully, after larger attempt(s) failed.
Scanning .ped file... done.
Performing single-pass .bed write (50971 variants, 89 people).
--file: Ind-temporary.bed + Ind-temporary.bim + Ind-temporary.fam written.
50971 variants loaded from .bim file.
89 people (89 males, 0 females) loaded from .fam.
89 phenotype values loaded from .fam.
0 people removed due to missing genotype data (--mind).
Using 1 thread (no multithreaded calculations invoked).
Before main variant filters, 89 founders and 0 nonfounders present.
Calculating allele frequencies... done.
Total genotyping rate is 0.994134.
50971 variants and 89 people pass filters and QC.
Among remaining phenotypes, 44 are cases and 45 are controls.
--make-bed to Ind.bed + Ind.bim + Ind.fam ... done.

End time: Thu Jan 16 13:35:13 2025
