PLINK v1.90b5 32-bit (14 Nov 2017)
Options in effect:
  --bfile IndMKMAF
  --hardy
  --hwe 0.05
  --make-bed
  --out IndMkMAFHWE

Hostname: SKYNET
Working directory: C:\Users\denis\OneDrive\Desktop\Uni\NGS\Project\TP_DATA_PROG\TP_DATA_PROG\II.a.Plink
Start time: Thu Jan 16 13:40:46 2025

Random number seed: 1737031246
16295 MB RAM detected; reserving 2047 MB for main workspace.
Allocated 1535 MB successfully, after larger attempt(s) failed.
35293 variants loaded from .bim file.
89 people (89 males, 0 females) loaded from .fam.
89 phenotype values loaded from .fam.
Using 1 thread (no multithreaded calculations invoked).
Before main variant filters, 89 founders and 0 nonfounders present.
Calculating allele frequencies... done.
Total genotyping rate is 0.996644.
--hardy: Writing Hardy-Weinberg report (founders only) to IndMkMAFHWE.hwe ...
done.
--hwe: 945 variants removed due to Hardy-Weinberg exact test.
34348 variants and 89 people pass filters and QC.
Among remaining phenotypes, 44 are cases and 45 are controls.
--make-bed to IndMkMAFHWE.bed + IndMkMAFHWE.bim + IndMkMAFHWE.fam ... done.

End time: Thu Jan 16 13:40:47 2025
